<?xml version="1.0" encoding="UTF-8"?>
<testsuite xmlns:xsi="http://www.w3.org/2001/XMLSchema-instance" xsi:noNamespaceSchemaLocation="https://maven.apache.org/surefire/maven-surefire-plugin/xsd/surefire-test-report.xsd" name="Analyzer.AppTest" time="0.107" tests="1" errors="0" skipped="0" failures="0">
  <properties>
    <property name="sun.desktop" value="windows"/>
    <property name="awt.toolkit" value="sun.awt.windows.WToolkit"/>
    <property name="java.specification.version" value="12"/>
    <property name="sun.cpu.isalist" value="amd64"/>
    <property name="sun.jnu.encoding" value="Cp1252"/>
    <property name="java.class.path" value="c:\Users\utente\Documents\Visual Studio 2019\projects\Analyzer\Analyzer\target\test-classes;c:\Users\utente\Documents\Visual Studio 2019\projects\Analyzer\Analyzer\target\classes;C:\Users\utente\.m2\repository\org\apache\commons\commons-lang3\3.11\commons-lang3-3.11.jar;C:\Users\utente\.m2\repository\junit\junit\4.11\junit-4.11.jar;C:\Users\utente\.m2\repository\org\hamcrest\hamcrest-core\1.3\hamcrest-core-1.3.jar;C:\Users\utente\.m2\repository\com\MagicMike\LoggerCore\LoggerCore\0.0\LoggerCore-0.0.jar;C:\Users\utente\.m2\repository\org\jfree\jfreesvg\3.4\jfreesvg-3.4.jar;C:\Users\utente\.m2\repository\org\apache\commons\commons-csv\1.8\commons-csv-1.8.jar;C:\Users\utente\.m2\repository\org\knowm\waveforms4j\0.0.10\waveforms4j-0.0.10.jar;C:\Users\utente\.m2\repository\org\slf4j\slf4j-api\1.7.25\slf4j-api-1.7.25.jar;C:\Users\utente\.m2\repository\com\fazecast\jSerialComm\2.6.2\jSerialComm-2.6.2.jar;C:\Users\utente\.m2\repository\org\apache\jmeter\jorphan\5.2.1\jorphan-5.2.1.jar;C:\Users\utente\.m2\repository\commons-io\commons-io\2.6\commons-io-2.6.jar;C:\Users\utente\.m2\repository\commons-collections\commons-collections\3.2.2\commons-collections-3.2.2.jar;C:\Users\utente\.m2\repository\org\apache\commons\commons-text\1.8\commons-text-1.8.jar;C:\Users\utente\.m2\repository\org\jfree\jfreechart\1.5.0\jfreechart-1.5.0.jar;C:\Users\utente\.m2\repository\org\mariuszgromada\math\MathParser.org-mXparser\4.4.2\MathParser.org-mXparser-4.4.2.jar;C:\Users\utente\.m2\repository\org\apache\commons\commons-math3\3.6.1\commons-math3-3.6.1.jar;C:\Users\utente\.m2\repository\de\h2b\java\lib\pa-toolbox\pa-toolbox-extern-javaplot\1.1.0\pa-toolbox-extern-javaplot-1.1.0.jar;"/>
    <property name="java.vm.vendor" value="Oracle Corporation"/>
    <property name="sun.arch.data.model" value="64"/>
    <property name="user.variant" value=""/>
    <property name="java.vendor.url" value="https://java.oracle.com/"/>
    <property name="user.timezone" value="Europe/Rome"/>
    <property name="os.name" value="Windows 10"/>
    <property name="java.vm.specification.version" value="12"/>
    <property name="sun.java.launcher" value="SUN_STANDARD"/>
    <property name="user.country" value="IT"/>
    <property name="sun.boot.library.path" value="C:\Program Files\Java\jdk-12.0.1\bin"/>
    <property name="sun.java.command" value="C:\Users\utente\AppData\Local\Temp\surefire4544558568140119408\surefirebooter1379954363493856969.jar C:\Users\utente\AppData\Local\Temp\surefire4544558568140119408 2021-06-02T22-32-03_124-jvmRun1 surefire2050282085370433195tmp surefire_06401198380142967946tmp"/>
    <property name="jdk.debug" value="release"/>
    <property name="surefire.test.class.path" value="c:\Users\utente\Documents\Visual Studio 2019\projects\Analyzer\Analyzer\target\test-classes;c:\Users\utente\Documents\Visual Studio 2019\projects\Analyzer\Analyzer\target\classes;C:\Users\utente\.m2\repository\org\apache\commons\commons-lang3\3.11\commons-lang3-3.11.jar;C:\Users\utente\.m2\repository\junit\junit\4.11\junit-4.11.jar;C:\Users\utente\.m2\repository\org\hamcrest\hamcrest-core\1.3\hamcrest-core-1.3.jar;C:\Users\utente\.m2\repository\com\MagicMike\LoggerCore\LoggerCore\0.0\LoggerCore-0.0.jar;C:\Users\utente\.m2\repository\org\jfree\jfreesvg\3.4\jfreesvg-3.4.jar;C:\Users\utente\.m2\repository\org\apache\commons\commons-csv\1.8\commons-csv-1.8.jar;C:\Users\utente\.m2\repository\org\knowm\waveforms4j\0.0.10\waveforms4j-0.0.10.jar;C:\Users\utente\.m2\repository\org\slf4j\slf4j-api\1.7.25\slf4j-api-1.7.25.jar;C:\Users\utente\.m2\repository\com\fazecast\jSerialComm\2.6.2\jSerialComm-2.6.2.jar;C:\Users\utente\.m2\repository\org\apache\jmeter\jorphan\5.2.1\jorphan-5.2.1.jar;C:\Users\utente\.m2\repository\commons-io\commons-io\2.6\commons-io-2.6.jar;C:\Users\utente\.m2\repository\commons-collections\commons-collections\3.2.2\commons-collections-3.2.2.jar;C:\Users\utente\.m2\repository\org\apache\commons\commons-text\1.8\commons-text-1.8.jar;C:\Users\utente\.m2\repository\org\jfree\jfreechart\1.5.0\jfreechart-1.5.0.jar;C:\Users\utente\.m2\repository\org\mariuszgromada\math\MathParser.org-mXparser\4.4.2\MathParser.org-mXparser-4.4.2.jar;C:\Users\utente\.m2\repository\org\apache\commons\commons-math3\3.6.1\commons-math3-3.6.1.jar;C:\Users\utente\.m2\repository\de\h2b\java\lib\pa-toolbox\pa-toolbox-extern-javaplot\1.1.0\pa-toolbox-extern-javaplot-1.1.0.jar;"/>
    <property name="sun.cpu.endian" value="little"/>
    <property name="user.home" value="C:\Users\utente"/>
    <property name="user.language" value="it"/>
    <property name="java.specification.vendor" value="Oracle Corporation"/>
    <property name="java.version.date" value="2019-04-16"/>
    <property name="java.home" value="C:\Program Files\Java\jdk-12.0.1"/>
    <property name="file.separator" value="\"/>
    <property name="basedir" value="c:\Users\utente\Documents\Visual Studio 2019\projects\Analyzer\Analyzer"/>
    <property name="java.vm.compressedOopsMode" value="32-bit"/>
    <property name="line.separator" value="&#10;"/>
    <property name="java.vm.specification.vendor" value="Oracle Corporation"/>
    <property name="java.specification.name" value="Java Platform API Specification"/>
    <property name="java.awt.graphicsenv" value="sun.awt.Win32GraphicsEnvironment"/>
    <property name="surefire.real.class.path" value="C:\Users\utente\AppData\Local\Temp\surefire4544558568140119408\surefirebooter1379954363493856969.jar"/>
    <property name="user.script" value=""/>
    <property name="sun.management.compiler" value="HotSpot 64-Bit Tiered Compilers"/>
    <property name="java.runtime.version" value="12.0.1+12"/>
    <property name="user.name" value="utente"/>
    <property name="path.separator" value=";"/>
    <property name="os.version" value="10.0"/>
    <property name="java.runtime.name" value="OpenJDK Runtime Environment"/>
    <property name="file.encoding" value="Cp1252"/>
    <property name="java.vm.name" value="OpenJDK 64-Bit Server VM"/>
    <property name="localRepository" value="C:\Users\utente\.m2\repository"/>
    <property name="java.vendor.url.bug" value="https://bugreport.java.com/bugreport/"/>
    <property name="java.io.tmpdir" value="C:\Users\utente\AppData\Local\Temp\"/>
    <property name="java.version" value="12.0.1"/>
    <property name="user.dir" value="c:\Users\utente\Documents\Visual Studio 2019\projects\Analyzer\Analyzer"/>
    <property name="os.arch" value="amd64"/>
    <property name="java.vm.specification.name" value="Java Virtual Machine Specification"/>
    <property name="sun.os.patch.level" value=""/>
    <property name="java.library.path" value="C:\Program Files\Java\jdk-12.0.1\bin;C:\WINDOWS\Sun\Java\bin;C:\WINDOWS\system32;C:\WINDOWS;C:\Program Files\AdoptOpenJDK\jdk-11.0.4.11-hotspot\bin;C:\Program Files (x86)\Common Files\Oracle\Java\javapath;C:\Program Files (x86)\Intel\iCLS Client\;C:\Program Files\Intel\iCLS Client\;C:\Windows\system32;C:\Windows;C:\Windows\System32\Wbem;C:\Windows\System32\WindowsPowerShell\v1.0\;C:\Program Files (x86)\Intel\Intel(R) Management Engine Components\DAL;C:\Program Files\Intel\Intel(R) Management Engine Components\DAL;C:\Program Files (x86)\Intel\Intel(R) Management Engine Components\IPT;C:\Program Files\Intel\Intel(R) Management Engine Components\IPT;C:\Program Files (x86)\NVIDIA Corporation\PhysX\Common;C:\WINDOWS\system32;C:\WINDOWS;C:\WINDOWS\System32\Wbem;C:\WINDOWS\System32\WindowsPowerShell\v1.0\;C:\WINDOWS\System32\OpenSSH\;C:\Program Files\Intel\WiFi\bin\;C:\Program Files\Common Files\Intel\WirelessCommon\;C:\Program Files\LLVM\bin;C:\Program Files\apache-maven-3.6.3\bin;C:\Program Files\doxygen\bin;C:\Program Files\Git\cmd;C:\Program Files (x86)\mingw-w64\i686-8.1.0-posix-dwarf-rt_v6-rev0\mingw32\bin;C:\Users\utente\AppData\Local\Microsoft\WindowsApps;C:\Users\utente\AppData\Local\Programs\Microsoft VS Code\bin;C:\Users\utente\AppData\Local\Pandoc\;C:\Users\utente\AppData\Local\Programs\MiKTeX\miktex\bin\x64\;%USERPROFILE%\AppData\Local\Microsoft\WindowsApps;;."/>
    <property name="java.vm.info" value="mixed mode, sharing"/>
    <property name="java.vendor" value="Oracle Corporation"/>
    <property name="java.vm.version" value="12.0.1+12"/>
    <property name="sun.io.unicode.encoding" value="UnicodeLittle"/>
    <property name="java.class.version" value="56.0"/>
  </properties>
  <testcase name="shouldAnswerWithTrue" classname="Analyzer.AppTest" time="0.001"/>
</testsuite>